<?xml version="1.0" encoding="UTF-8"?>
<!-- Generated by org.testng.reporters.JUnitXMLReporter -->
<testsuite hostname="LAPTOP-F86T4Q0E" name="Test" tests="1" failures="1" timestamp="18 Nov 2019 11:48:08 GMT" time="31.205" errors="0">
  <testcase name="Arabic_forgetpassword_with_incorrect_password_and_valid_password" time="6.799" classname="com.eit.stepdefinition.stepDefinition">
    <failure type="java.lang.AssertionError" message="expected [true] but found [false]">
      <![CDATA[java.lang.AssertionError: expected [true] but found [false]
	at com.eit.stepdefinition.stepDefinition.Arabic_forgetpassword_with_incorrect_password_and_valid_password(stepDefinition.java:452)
... Removed 28 stack frames]]>
    </failure>
  </testcase> <!-- Arabic_forgetpassword_with_incorrect_password_and_valid_password -->
</testsuite> <!-- Test -->
