<?xml version="1.0" encoding="UTF-8"?>
<!-- Generated by org.testng.reporters.JUnitXMLReporter -->
<testsuite hostname="DESKTOP-D4SHPE1" name="Login_TestCase" tests="14" failures="11" timestamp="12 Dec 2019 12:39:42 GMT" time="224.896" errors="0">
  <testcase name="English_and_Arabic_Login_with_incorrect_Corporate_ID_or_User_name" time="2.963" classname="com.eit.stepdefinition.Login_page_test_case">
    <failure type="java.lang.AssertionError" message="English_Login_with_incorrect_Corporate_ID_or_User_name = Expected Result:Enter Correct CorporateID or User name but it shows -&amp;gt;Enter Valid Corporate Id expected [true] but found [false]">
      <![CDATA[java.lang.AssertionError: English_Login_with_incorrect_Corporate_ID_or_User_name = Expected Result:Enter Correct CorporateID or User name but it shows ->Enter Valid Corporate Id expected [true] but found [false]
	at com.eit.stepdefinition.Login_page_test_case.English_and_Arabic_Login_with_incorrect_Corporate_ID_or_User_name(Login_page_test_case.java:35)
... Removed 27 stack frames]]>
    </failure>
  </testcase> <!-- English_and_Arabic_Login_with_incorrect_Corporate_ID_or_User_name -->
  <testcase name="English_and_Arabic_Login_with_incorrect_Corporate_ID_or_User_name" time="3.791" classname="com.eit.stepdefinition.Login_page_test_case">
    <failure type="java.lang.AssertionError" message="English_Login_with_incorrect_Corporate_ID_or_User_name = Expected Result:Enter Correct CorporateID or User name but it shows -&amp;gt;Enter Valid Corporate Id expected [true] but found [false]">
      <![CDATA[java.lang.AssertionError: English_Login_with_incorrect_Corporate_ID_or_User_name = Expected Result:Enter Correct CorporateID or User name but it shows ->Enter Valid Corporate Id expected [true] but found [false]
	at com.eit.stepdefinition.Login_page_test_case.English_and_Arabic_Login_with_incorrect_Corporate_ID_or_User_name(Login_page_test_case.java:35)
... Removed 27 stack frames]]>
    </failure>
  </testcase> <!-- English_and_Arabic_Login_with_incorrect_Corporate_ID_or_User_name -->
  <testcase name="English_Login_with_incorrect_Password" time="4.614" classname="com.eit.stepdefinition.Login_page_test_case">
    <failure type="java.lang.AssertionError" message="English_Login_with_incorrect_Password = Expected result : Enter Correct Password -&amp;gt;But it shows :Enter valid Password expected [true] but found [false]">
      <![CDATA[java.lang.AssertionError: English_Login_with_incorrect_Password = Expected result : Enter Correct Password ->But it shows :Enter valid Password expected [true] but found [false]
	at com.eit.stepdefinition.Login_page_test_case.English_Login_with_incorrect_Password(Login_page_test_case.java:58)
... Removed 27 stack frames]]>
    </failure>
  </testcase> <!-- English_Login_with_incorrect_Password -->
  <testcase name="English_Login_with_incorrect_Password" time="3.128" classname="com.eit.stepdefinition.Login_page_test_case">
    <failure type="java.lang.AssertionError" message="English_Login_with_incorrect_Password = Expected result : Enter Correct Password -&amp;gt;But it shows :Enter valid Password expected [true] but found [false]">
      <![CDATA[java.lang.AssertionError: English_Login_with_incorrect_Password = Expected result : Enter Correct Password ->But it shows :Enter valid Password expected [true] but found [false]
	at com.eit.stepdefinition.Login_page_test_case.English_Login_with_incorrect_Password(Login_page_test_case.java:58)
... Removed 27 stack frames]]>
    </failure>
  </testcase> <!-- English_Login_with_incorrect_Password -->
  <testcase name="English_Valid_Login" time="3.995" classname="com.eit.stepdefinition.Login_page_test_case"/>
  <testcase name="Arabic_Valid_Login" time="1.451" classname="com.eit.stepdefinition.Login_page_test_case">
    <failure type="org.openqa.selenium.StaleElementReferenceException" message="stale element reference: element is not attached to the page document
  (Session info: chrome=78.0.3904.108)
For documentation on this error, please visit: https://www.seleniumhq.org/exceptions/stale_element_reference.html
Build info: version: &amp;apos;4.0.0-alpha-2&amp;apos;, revision: &amp;apos;f148142cf8&amp;apos;, time: &amp;apos;2019-07-01T20:55:26&amp;apos;
System info: host: &amp;apos;DESKTOP-D4SHPE1&amp;apos;, ip: &amp;apos;10.10.10.6&amp;apos;, os.name: &amp;apos;Windows 10&amp;apos;, os.arch: &amp;apos;amd64&amp;apos;, os.version: &amp;apos;10.0&amp;apos;, java.version: &amp;apos;1.8.0_181&amp;apos;
Driver info: org.openqa.selenium.chrome.ChromeDriver
Capabilities {acceptInsecureCerts: false, browserName: chrome, browserVersion: 78.0.3904.108, chrome: {chromedriverVersion: 78.0.3904.105 (60e2d8774a81..., userDataDir: C:\Users\EIT-JA~1\AppData\L...}, goog:chromeOptions: {debuggerAddress: localhost:59977}, javascriptEnabled: true, networkConnectionEnabled: false, pageLoadStrategy: normal, platform: XP, platformName: XP, proxy: Proxy(), setWindowRect: true, strictFileInteractability: false, timeouts: {implicit: 0, pageLoad: 300000, script: 30000}, unhandledPromptBehavior: dismiss and notify}
Session ID: e767fe4ff8044d9151a4ddb93b081d68">
      <![CDATA[org.openqa.selenium.StaleElementReferenceException: stale element reference: element is not attached to the page document
  (Session info: chrome=78.0.3904.108)
For documentation on this error, please visit: https://www.seleniumhq.org/exceptions/stale_element_reference.html
Build info: version: '4.0.0-alpha-2', revision: 'f148142cf8', time: '2019-07-01T20:55:26'
System info: host: 'DESKTOP-D4SHPE1', ip: '10.10.10.6', os.name: 'Windows 10', os.arch: 'amd64', os.version: '10.0', java.version: '1.8.0_181'
Driver info: org.openqa.selenium.chrome.ChromeDriver
Capabilities {acceptInsecureCerts: false, browserName: chrome, browserVersion: 78.0.3904.108, chrome: {chromedriverVersion: 78.0.3904.105 (60e2d8774a81..., userDataDir: C:\Users\EIT-JA~1\AppData\L...}, goog:chromeOptions: {debuggerAddress: localhost:59977}, javascriptEnabled: true, networkConnectionEnabled: false, pageLoadStrategy: normal, platform: XP, platformName: XP, proxy: Proxy(), setWindowRect: true, strictFileInteractability: false, timeouts: {implicit: 0, pageLoad: 300000, script: 30000}, unhandledPromptBehavior: dismiss and notify}
Session ID: e767fe4ff8044d9151a4ddb93b081d68
	at org.openqa.selenium.remote.codec.w3c.W3CHttpResponseCodec.createException(W3CHttpResponseCodec.java:191)
	at org.openqa.selenium.remote.codec.w3c.W3CHttpResponseCodec.decode(W3CHttpResponseCodec.java:125)
	at org.openqa.selenium.remote.codec.w3c.W3CHttpResponseCodec.decode(W3CHttpResponseCodec.java:52)
	at org.openqa.selenium.remote.HttpCommandExecutor.execute(HttpCommandExecutor.java:161)
	at org.openqa.selenium.remote.service.DriverCommandExecutor.execute(DriverCommandExecutor.java:83)
	at org.openqa.selenium.remote.RemoteWebDriver.execute(RemoteWebDriver.java:576)
	at org.openqa.selenium.remote.RemoteWebElement.execute(RemoteWebElement.java:308)
	at org.openqa.selenium.remote.RemoteWebElement.getAttribute(RemoteWebElement.java:138)
	at org.openqa.selenium.support.pagefactory.internal.LocatingElementHandler.invoke(LocatingElementHandler.java:52)
	at com.sun.proxy.$Proxy10.getAttribute(Unknown Source)
	at org.openqa.selenium.support.ui.Select.<init>(Select.java:54)
	at com.eit.resource.base.langu(base.java:55)
	at com.eit.stepdefinition.Login_page_test_case.Arabic_Valid_Login(Login_page_test_case.java:88)
... Removed 32 stack frames]]>
    </failure>
  </testcase> <!-- Arabic_Valid_Login -->
  <testcase name="Arabic_Valid_Login" time="3.218" classname="com.eit.stepdefinition.Login_page_test_case"/>
  <testcase name="English_and_Arabic_Login_RememeberMe" time="7.6" classname="com.eit.stepdefinition.Login_page_test_case"/>
  <testcase name="English_and_Arabic_ForgetPassword_with_incorrect_Corporate_ID_or_User_name" time="4.316" classname="com.eit.stepdefinition.Login_page_test_case">
    <failure type="java.lang.AssertionError" message="English_ForgetPassword_with_incorrect_Corporate_ID_or_User_name Expected result :It should show [Enter Correct Corporate Id or User name] but it shows Enter the Correct Corporate Id expected [true] but found [false]">
      <![CDATA[java.lang.AssertionError: English_ForgetPassword_with_incorrect_Corporate_ID_or_User_name Expected result :It should show [Enter Correct Corporate Id or User name] but it shows Enter the Correct Corporate Id expected [true] but found [false]
	at com.eit.stepdefinition.Login_page_test_case.English_and_Arabic_ForgetPassword_with_incorrect_Corporate_ID_or_User_name(Login_page_test_case.java:139)
... Removed 27 stack frames]]>
    </failure>
  </testcase> <!-- English_and_Arabic_ForgetPassword_with_incorrect_Corporate_ID_or_User_name -->
  <testcase name="English_and_Arabic_ForgetPassword_with_incorrect_Corporate_ID_or_User_name" time="5.903" classname="com.eit.stepdefinition.Login_page_test_case">
    <failure type="java.lang.AssertionError" message="English_ForgetPassword_with_incorrect_Corporate_ID_or_User_name Expected result :It should show [Enter Correct Corporate Id or User name] but it shows Enter the Correct Corporate Id expected [true] but found [false]">
      <![CDATA[java.lang.AssertionError: English_ForgetPassword_with_incorrect_Corporate_ID_or_User_name Expected result :It should show [Enter Correct Corporate Id or User name] but it shows Enter the Correct Corporate Id expected [true] but found [false]
	at com.eit.stepdefinition.Login_page_test_case.English_and_Arabic_ForgetPassword_with_incorrect_Corporate_ID_or_User_name(Login_page_test_case.java:139)
... Removed 27 stack frames]]>
    </failure>
  </testcase> <!-- English_and_Arabic_ForgetPassword_with_incorrect_Corporate_ID_or_User_name -->
  <testcase name="English_Forget_password_Entering_invalid_Email_ID_and_clicking_Submit_button_3_times_sequentially_and_after_that_enter_valid_Email_Id_and_click_Submit_enter_the_received_password_and_Click_login" time="21.264" classname="com.eit.stepdefinition.Login_page_test_case">
    <failure type="java.lang.AssertionError" message="English_Forget_password_Entering_invalid_Email_ID_and_clicking_Submit_button_3_times_sequentially_and_after_that_enter_valid_Email_Id_and_click_Submit_enter_the_received_password_and_Click_login Expected Result : it should show [Password has been sent to your Email Successfully .  Please check your Inbox] but it shows Please Enter the Correct Registered Email Id expected [true] but found [false]">
      <![CDATA[java.lang.AssertionError: English_Forget_password_Entering_invalid_Email_ID_and_clicking_Submit_button_3_times_sequentially_and_after_that_enter_valid_Email_Id_and_click_Submit_enter_the_received_password_and_Click_login Expected Result : it should show [Password has been sent to your Email Successfully .  Please check your Inbox] but it shows Please Enter the Correct Registered Email Id expected [true] but found [false]
	at com.eit.stepdefinition.Login_page_test_case.English_Forget_password_Entering_invalid_Email_ID_and_clicking_Submit_button_3_times_sequentially_and_after_that_enter_valid_Email_Id_and_click_Submit_enter_the_received_password_and_Click_login(Login_page_test_case.java:177)
... Removed 27 stack frames]]>
    </failure>
  </testcase> <!-- English_Forget_password_Entering_invalid_Email_ID_and_clicking_Submit_button_3_times_sequentially_and_after_that_enter_valid_Email_Id_and_click_Submit_enter_the_received_password_and_Click_login -->
  <testcase name="English_Forget_password_Entering_invalid_Email_ID_and_clicking_Submit_button_3_times_sequentially_and_after_that_enter_valid_Email_Id_and_click_Submit_enter_the_received_password_and_Click_login" time="21.086" classname="com.eit.stepdefinition.Login_page_test_case">
    <failure type="java.lang.AssertionError" message="English_Forget_password_Entering_invalid_Email_ID_and_clicking_Submit_button_3_times_sequentially_and_after_that_enter_valid_Email_Id_and_click_Submit_enter_the_received_password_and_Click_login Expected Result : it should show [Password has been sent to your Email Successfully .  Please check your Inbox] but it shows Please Enter the Correct Registered Email Id expected [true] but found [false]">
      <![CDATA[java.lang.AssertionError: English_Forget_password_Entering_invalid_Email_ID_and_clicking_Submit_button_3_times_sequentially_and_after_that_enter_valid_Email_Id_and_click_Submit_enter_the_received_password_and_Click_login Expected Result : it should show [Password has been sent to your Email Successfully .  Please check your Inbox] but it shows Please Enter the Correct Registered Email Id expected [true] but found [false]
	at com.eit.stepdefinition.Login_page_test_case.English_Forget_password_Entering_invalid_Email_ID_and_clicking_Submit_button_3_times_sequentially_and_after_that_enter_valid_Email_Id_and_click_Submit_enter_the_received_password_and_Click_login(Login_page_test_case.java:177)
... Removed 27 stack frames]]>
    </failure>
  </testcase> <!-- English_Forget_password_Entering_invalid_Email_ID_and_clicking_Submit_button_3_times_sequentially_and_after_that_enter_valid_Email_Id_and_click_Submit_enter_the_received_password_and_Click_login -->
  <testcase name="Arabic_Forget_password_Entering_invalid_Email_ID_and_clicking_Submit_button_3_times_sequentially_and_after_that_enter_valid_Email_Id_and_click_Submit_enter_the_received_password_and_Click_login" time="7.415" classname="com.eit.stepdefinition.Login_page_test_case">
    <failure type="java.lang.AssertionError" message="expected [true] but found [false]">
      <![CDATA[java.lang.AssertionError: expected [true] but found [false]
	at com.eit.stepdefinition.Login_page_test_case.Arabic_Forget_password_Entering_invalid_Email_ID_and_clicking_Submit_button_3_times_sequentially_and_after_that_enter_valid_Email_Id_and_click_Submit_enter_the_received_password_and_Click_login(Login_page_test_case.java:235)
... Removed 28 stack frames]]>
    </failure>
  </testcase> <!-- Arabic_Forget_password_Entering_invalid_Email_ID_and_clicking_Submit_button_3_times_sequentially_and_after_that_enter_valid_Email_Id_and_click_Submit_enter_the_received_password_and_Click_login -->
  <testcase name="Arabic_Forget_password_Entering_invalid_Email_ID_and_clicking_Submit_button_3_times_sequentially_and_after_that_enter_valid_Email_Id_and_click_Submit_enter_the_received_password_and_Click_login" time="6.059" classname="com.eit.stepdefinition.Login_page_test_case">
    <failure type="java.lang.AssertionError" message="expected [true] but found [false]">
      <![CDATA[java.lang.AssertionError: expected [true] but found [false]
	at com.eit.stepdefinition.Login_page_test_case.Arabic_Forget_password_Entering_invalid_Email_ID_and_clicking_Submit_button_3_times_sequentially_and_after_that_enter_valid_Email_Id_and_click_Submit_enter_the_received_password_and_Click_login(Login_page_test_case.java:235)
... Removed 28 stack frames]]>
    </failure>
  </testcase> <!-- Arabic_Forget_password_Entering_invalid_Email_ID_and_clicking_Submit_button_3_times_sequentially_and_after_that_enter_valid_Email_Id_and_click_Submit_enter_the_received_password_and_Click_login -->
</testsuite> <!-- Login_TestCase -->
