<html>
<head>
<title>TestNG:  Login_TestCase</title>
<link href="../testng.css" rel="stylesheet" type="text/css" />
<link href="../my-testng.css" rel="stylesheet" type="text/css" />

<style type="text/css">
.log { display: none;} 
.stack-trace { display: none;} 
</style>
<script type="text/javascript">
<!--
function flip(e) {
  current = e.style.display;
  if (current == 'block') {
    e.style.display = 'none';
    return 0;
  }
  else {
    e.style.display = 'block';
    return 1;
  }
}

function toggleBox(szDivId, elem, msg1, msg2)
{
  var res = -1;  if (document.getElementById) {
    res = flip(document.getElementById(szDivId));
  }
  else if (document.all) {
    // this is the way old msie versions work
    res = flip(document.all[szDivId]);
  }
  if(elem) {
    if(res == 0) elem.innerHTML = msg1; else elem.innerHTML = msg2;
  }

}

function toggleAllBoxes() {
  if (document.getElementsByTagName) {
    d = document.getElementsByTagName('div');
    for (i = 0; i < d.length; i++) {
      if (d[i].className == 'log') {
        flip(d[i]);
      }
    }
  }
}

// -->
</script>

</head>
<body>
<h2 align='center'>Login_TestCase</h2><table border='1' align="center">
<tr>
<td>Tests passed/Failed/Skipped:</td><td>3/11/0</td>
</tr><tr>
<td>Started on:</td><td>Thu Dec 12 18:05:57 IST 2019</td>
</tr>
<tr><td>Total time:</td><td>224 seconds (224896 ms)</td>
</tr><tr>
<td>Included groups:</td><td></td>
</tr><tr>
<td>Excluded groups:</td><td></td>
</tr>
</table><p/>
<small><i>(Hover the method name to see the test class name)</i></small><p/>
<table width='100%' border='1' class='invocation-failed'>
<tr><td colspan='4' align='center'><b>FAILED TESTS</b></td></tr>
<tr><td><b>Test method</b></td>
<td width="30%"><b>Exception</b></td>
<td width="10%"><b>Time (seconds)</b></td>
<td><b>Instance</b></td>
</tr>
<tr>
<td title='com.eit.stepdefinition.Login_page_test_case.Arabic_Forget_password_Entering_invalid_Email_ID_and_clicking_Submit_button_3_times_sequentially_and_after_that_enter_valid_Email_Id_and_click_Submit_enter_the_received_password_and_Click_login()'><b>Arabic_Forget_password_Entering_invalid_Email_ID_and_clicking_Submit_button_3_times_sequentially_and_after_that_enter_valid_Email_Id_and_click_Submit_enter_the_received_password_and_Click_login</b><br>Test class: com.eit.stepdefinition.Login_page_test_case<br>Parameters: demo, demo-ca, Jagadeshan@eitworks.com</td>
<td><div><pre>java.lang.AssertionError: expected [true] but found [false]
	at com.eit.stepdefinition.Login_page_test_case.Arabic_Forget_password_Entering_invalid_Email_ID_and_clicking_Submit_button_3_times_sequentially_and_after_that_enter_valid_Email_Id_and_click_Submit_enter_the_received_password_and_Click_login(Login_page_test_case.java:235)
... Removed 28 stack frames</pre></div><a href='#' onClick='toggleBox("stack-trace546936087", this, "Click to show all stack frames", "Click to hide stack frames")'>Click to show all stack frames</a>
<div class='stack-trace' id='stack-trace546936087'><pre>java.lang.AssertionError: expected [true] but found [false]
	at org.testng.Assert.fail(Assert.java:94)
	at org.testng.Assert.failNotEquals(Assert.java:494)
	at org.testng.Assert.assertTrue(Assert.java:42)
	at org.testng.Assert.assertTrue(Assert.java:52)
	at com.eit.stepdefinition.Login_page_test_case.Arabic_Forget_password_Entering_invalid_Email_ID_and_clicking_Submit_button_3_times_sequentially_and_after_that_enter_valid_Email_Id_and_click_Submit_enter_the_received_password_and_Click_login(Login_page_test_case.java:235)
	at sun.reflect.NativeMethodAccessorImpl.invoke0(Native Method)
	at sun.reflect.NativeMethodAccessorImpl.invoke(Unknown Source)
	at sun.reflect.DelegatingMethodAccessorImpl.invoke(Unknown Source)
	at java.lang.reflect.Method.invoke(Unknown Source)
	at org.testng.internal.MethodInvocationHelper.invokeMethod(MethodInvocationHelper.java:84)
	at org.testng.internal.Invoker.invokeMethod(Invoker.java:714)
	at org.testng.internal.Invoker.invokeTestMethod(Invoker.java:901)
	at org.testng.internal.Invoker.invokeTestMethods(Invoker.java:1231)
	at org.testng.internal.TestMethodWorker.invokeTestMethods(TestMethodWorker.java:127)
	at org.testng.internal.TestMethodWorker.run(TestMethodWorker.java:111)
	at org.testng.TestRunner.privateRun(TestRunner.java:767)
	at org.testng.TestRunner.run(TestRunner.java:617)
	at org.testng.SuiteRunner.runTest(SuiteRunner.java:334)
	at org.testng.SuiteRunner.runSequentially(SuiteRunner.java:329)
	at org.testng.SuiteRunner.privateRun(SuiteRunner.java:291)
	at org.testng.SuiteRunner.run(SuiteRunner.java:240)
	at org.testng.SuiteRunnerWorker.runSuite(SuiteRunnerWorker.java:52)
	at org.testng.SuiteRunnerWorker.run(SuiteRunnerWorker.java:86)
	at org.testng.TestNG.runSuitesSequentially(TestNG.java:1224)
	at org.testng.TestNG.runSuitesLocally(TestNG.java:1149)
	at org.testng.TestNG.run(TestNG.java:1057)
	at org.testng.remote.AbstractRemoteTestNG.run(AbstractRemoteTestNG.java:114)
	at org.testng.remote.RemoteTestNG.initAndRun(RemoteTestNG.java:251)
	at org.testng.remote.RemoteTestNG.main(RemoteTestNG.java:77)
</pre></div></td>
<td>7</td>
<td>com.eit.stepdefinition.Login_page_test_case@754ba872</td></tr>
<tr>
<td title='com.eit.stepdefinition.Login_page_test_case.Arabic_Forget_password_Entering_invalid_Email_ID_and_clicking_Submit_button_3_times_sequentially_and_after_that_enter_valid_Email_Id_and_click_Submit_enter_the_received_password_and_Click_login()'><b>Arabic_Forget_password_Entering_invalid_Email_ID_and_clicking_Submit_button_3_times_sequentially_and_after_that_enter_valid_Email_Id_and_click_Submit_enter_the_received_password_and_Click_login</b><br>Test class: com.eit.stepdefinition.Login_page_test_case<br>Parameters: demo, demo-ca, Jagadeshan@eitworks.com</td>
<td><div><pre>java.lang.AssertionError: expected [true] but found [false]
	at com.eit.stepdefinition.Login_page_test_case.Arabic_Forget_password_Entering_invalid_Email_ID_and_clicking_Submit_button_3_times_sequentially_and_after_that_enter_valid_Email_Id_and_click_Submit_enter_the_received_password_and_Click_login(Login_page_test_case.java:235)
... Removed 28 stack frames</pre></div><a href='#' onClick='toggleBox("stack-trace1087712231", this, "Click to show all stack frames", "Click to hide stack frames")'>Click to show all stack frames</a>
<div class='stack-trace' id='stack-trace1087712231'><pre>java.lang.AssertionError: expected [true] but found [false]
	at org.testng.Assert.fail(Assert.java:94)
	at org.testng.Assert.failNotEquals(Assert.java:494)
	at org.testng.Assert.assertTrue(Assert.java:42)
	at org.testng.Assert.assertTrue(Assert.java:52)
	at com.eit.stepdefinition.Login_page_test_case.Arabic_Forget_password_Entering_invalid_Email_ID_and_clicking_Submit_button_3_times_sequentially_and_after_that_enter_valid_Email_Id_and_click_Submit_enter_the_received_password_and_Click_login(Login_page_test_case.java:235)
	at sun.reflect.NativeMethodAccessorImpl.invoke0(Native Method)
	at sun.reflect.NativeMethodAccessorImpl.invoke(Unknown Source)
	at sun.reflect.DelegatingMethodAccessorImpl.invoke(Unknown Source)
	at java.lang.reflect.Method.invoke(Unknown Source)
	at org.testng.internal.MethodInvocationHelper.invokeMethod(MethodInvocationHelper.java:84)
	at org.testng.internal.Invoker.invokeMethod(Invoker.java:714)
	at org.testng.internal.Invoker.retryFailed(Invoker.java:1049)
	at org.testng.internal.Invoker.invokeTestMethods(Invoker.java:1254)
	at org.testng.internal.TestMethodWorker.invokeTestMethods(TestMethodWorker.java:127)
	at org.testng.internal.TestMethodWorker.run(TestMethodWorker.java:111)
	at org.testng.TestRunner.privateRun(TestRunner.java:767)
	at org.testng.TestRunner.run(TestRunner.java:617)
	at org.testng.SuiteRunner.runTest(SuiteRunner.java:334)
	at org.testng.SuiteRunner.runSequentially(SuiteRunner.java:329)
	at org.testng.SuiteRunner.privateRun(SuiteRunner.java:291)
	at org.testng.SuiteRunner.run(SuiteRunner.java:240)
	at org.testng.SuiteRunnerWorker.runSuite(SuiteRunnerWorker.java:52)
	at org.testng.SuiteRunnerWorker.run(SuiteRunnerWorker.java:86)
	at org.testng.TestNG.runSuitesSequentially(TestNG.java:1224)
	at org.testng.TestNG.runSuitesLocally(TestNG.java:1149)
	at org.testng.TestNG.run(TestNG.java:1057)
	at org.testng.remote.AbstractRemoteTestNG.run(AbstractRemoteTestNG.java:114)
	at org.testng.remote.RemoteTestNG.initAndRun(RemoteTestNG.java:251)
	at org.testng.remote.RemoteTestNG.main(RemoteTestNG.java:77)
</pre></div></td>
<td>6</td>
<td>com.eit.stepdefinition.Login_page_test_case@754ba872</td></tr>
<tr>
<td title='com.eit.stepdefinition.Login_page_test_case.Arabic_Valid_Login()'><b>Arabic_Valid_Login</b><br>Test class: com.eit.stepdefinition.Login_page_test_case<br>Parameters: demo, demo-ca, 12345</td>
<td><div><pre>org.openqa.selenium.StaleElementReferenceException: stale element reference: element is not attached to the page document
  (Session info: chrome=78.0.3904.108)
For documentation on this error, please visit: https://www.seleniumhq.org/exceptions/stale_element_reference.html
Build info: version: &apos;4.0.0-alpha-2&apos;, revision: &apos;f148142cf8&apos;, time: &apos;2019-07-01T20:55:26&apos;
System info: host: &apos;DESKTOP-D4SHPE1&apos;, ip: &apos;10.10.10.6&apos;, os.name: &apos;Windows 10&apos;, os.arch: &apos;amd64&apos;, os.version: &apos;10.0&apos;, java.version: &apos;1.8.0_181&apos;
Driver info: org.openqa.selenium.chrome.ChromeDriver
Capabilities {acceptInsecureCerts: false, browserName: chrome, browserVersion: 78.0.3904.108, chrome: {chromedriverVersion: 78.0.3904.105 (60e2d8774a81..., userDataDir: C:\Users\EIT-JA~1\AppData\L...}, goog:chromeOptions: {debuggerAddress: localhost:59977}, javascriptEnabled: true, networkConnectionEnabled: false, pageLoadStrategy: normal, platform: XP, platformName: XP, proxy: Proxy(), setWindowRect: true, strictFileInteractability: false, timeouts: {implicit: 0, pageLoad: 300000, script: 30000}, unhandledPromptBehavior: dismiss and notify}
Session ID: e767fe4ff8044d9151a4ddb93b081d68
	at org.openqa.selenium.remote.codec.w3c.W3CHttpResponseCodec.createException(W3CHttpResponseCodec.java:191)
	at org.openqa.selenium.remote.codec.w3c.W3CHttpResponseCodec.decode(W3CHttpResponseCodec.java:125)
	at org.openqa.selenium.remote.codec.w3c.W3CHttpResponseCodec.decode(W3CHttpResponseCodec.java:52)
	at org.openqa.selenium.remote.HttpCommandExecutor.execute(HttpCommandExecutor.java:161)
	at org.openqa.selenium.remote.service.DriverCommandExecutor.execute(DriverCommandExecutor.java:83)
	at org.openqa.selenium.remote.RemoteWebDriver.execute(RemoteWebDriver.java:576)
	at org.openqa.selenium.remote.RemoteWebElement.execute(RemoteWebElement.java:308)
	at org.openqa.selenium.remote.RemoteWebElement.getAttribute(RemoteWebElement.java:138)
	at org.openqa.selenium.support.pagefactory.internal.LocatingElementHandler.invoke(LocatingElementHandler.java:52)
	at com.sun.proxy.$Proxy10.getAttribute(Unknown Source)
	at org.openqa.selenium.support.ui.Select.&lt;init&gt;(Select.java:54)
	at com.eit.resource.base.langu(base.java:55)
	at com.eit.stepdefinition.Login_page_test_case.Arabic_Valid_Login(Login_page_test_case.java:88)
... Removed 32 stack frames</pre></div><a href='#' onClick='toggleBox("stack-trace1236303587", this, "Click to show all stack frames", "Click to hide stack frames")'>Click to show all stack frames</a>
<div class='stack-trace' id='stack-trace1236303587'><pre>org.openqa.selenium.StaleElementReferenceException: stale element reference: element is not attached to the page document
  (Session info: chrome=78.0.3904.108)
For documentation on this error, please visit: https://www.seleniumhq.org/exceptions/stale_element_reference.html
Build info: version: &apos;4.0.0-alpha-2&apos;, revision: &apos;f148142cf8&apos;, time: &apos;2019-07-01T20:55:26&apos;
System info: host: &apos;DESKTOP-D4SHPE1&apos;, ip: &apos;10.10.10.6&apos;, os.name: &apos;Windows 10&apos;, os.arch: &apos;amd64&apos;, os.version: &apos;10.0&apos;, java.version: &apos;1.8.0_181&apos;
Driver info: org.openqa.selenium.chrome.ChromeDriver
Capabilities {acceptInsecureCerts: false, browserName: chrome, browserVersion: 78.0.3904.108, chrome: {chromedriverVersion: 78.0.3904.105 (60e2d8774a81..., userDataDir: C:\Users\EIT-JA~1\AppData\L...}, goog:chromeOptions: {debuggerAddress: localhost:59977}, javascriptEnabled: true, networkConnectionEnabled: false, pageLoadStrategy: normal, platform: XP, platformName: XP, proxy: Proxy(), setWindowRect: true, strictFileInteractability: false, timeouts: {implicit: 0, pageLoad: 300000, script: 30000}, unhandledPromptBehavior: dismiss and notify}
Session ID: e767fe4ff8044d9151a4ddb93b081d68
	at sun.reflect.NativeConstructorAccessorImpl.newInstance0(Native Method)
	at sun.reflect.NativeConstructorAccessorImpl.newInstance(Unknown Source)
	at sun.reflect.DelegatingConstructorAccessorImpl.newInstance(Unknown Source)
	at java.lang.reflect.Constructor.newInstance(Unknown Source)
	at org.openqa.selenium.remote.codec.w3c.W3CHttpResponseCodec.createException(W3CHttpResponseCodec.java:191)
	at org.openqa.selenium.remote.codec.w3c.W3CHttpResponseCodec.decode(W3CHttpResponseCodec.java:125)
	at org.openqa.selenium.remote.codec.w3c.W3CHttpResponseCodec.decode(W3CHttpResponseCodec.java:52)
	at org.openqa.selenium.remote.HttpCommandExecutor.execute(HttpCommandExecutor.java:161)
	at org.openqa.selenium.remote.service.DriverCommandExecutor.execute(DriverCommandExecutor.java:83)
	at org.openqa.selenium.remote.RemoteWebDriver.execute(RemoteWebDriver.java:576)
	at org.openqa.selenium.remote.RemoteWebElement.execute(RemoteWebElement.java:308)
	at org.openqa.selenium.remote.RemoteWebElement.getAttribute(RemoteWebElement.java:138)
	at sun.reflect.NativeMethodAccessorImpl.invoke0(Native Method)
	at sun.reflect.NativeMethodAccessorImpl.invoke(Unknown Source)
	at sun.reflect.DelegatingMethodAccessorImpl.invoke(Unknown Source)
	at java.lang.reflect.Method.invoke(Unknown Source)
	at org.openqa.selenium.support.pagefactory.internal.LocatingElementHandler.invoke(LocatingElementHandler.java:52)
	at com.sun.proxy.$Proxy10.getAttribute(Unknown Source)
	at org.openqa.selenium.support.ui.Select.&lt;init&gt;(Select.java:54)
	at com.eit.resource.base.langu(base.java:55)
	at com.eit.stepdefinition.Login_page_test_case.Arabic_Valid_Login(Login_page_test_case.java:88)
	at sun.reflect.NativeMethodAccessorImpl.invoke0(Native Method)
	at sun.reflect.NativeMethodAccessorImpl.invoke(Unknown Source)
	at sun.reflect.DelegatingMethodAccessorImpl.invoke(Unknown Source)
	at java.lang.reflect.Method.invoke(Unknown Source)
	at org.testng.internal.MethodInvocationHelper.invokeMethod(MethodInvocationHelper.java:84)
	at org.testng.internal.Invoker.invokeMethod(Invoker.java:714)
	at org.testng.internal.Invoker.invokeTestMethod(Invoker.java:901)
	at org.testng.internal.Invoker.invokeTestMethods(Invoker.java:1231)
	at org.testng.internal.TestMethodWorker.invokeTestMethods(TestMethodWorker.java:127)
	at org.testng.internal.TestMethodWorker.run(TestMethodWorker.java:111)
	at org.testng.TestRunner.privateRun(TestRunner.java:767)
	at org.testng.TestRunner.run(TestRunner.java:617)
	at org.testng.SuiteRunner.runTest(SuiteRunner.java:334)
	at org.testng.SuiteRunner.runSequentially(SuiteRunner.java:329)
	at org.testng.SuiteRunner.privateRun(SuiteRunner.java:291)
	at org.testng.SuiteRunner.run(SuiteRunner.java:240)
	at org.testng.SuiteRunnerWorker.runSuite(SuiteRunnerWorker.java:52)
	at org.testng.SuiteRunnerWorker.run(SuiteRunnerWorker.java:86)
	at org.testng.TestNG.runSuitesSequentially(TestNG.java:1224)
	at org.testng.TestNG.runSuitesLocally(TestNG.java:1149)
	at org.testng.TestNG.run(TestNG.java:1057)
	at org.testng.remote.AbstractRemoteTestNG.run(AbstractRemoteTestNG.java:114)
	at org.testng.remote.RemoteTestNG.initAndRun(RemoteTestNG.java:251)
	at org.testng.remote.RemoteTestNG.main(RemoteTestNG.java:77)
</pre></div></td>
<td>1</td>
<td>com.eit.stepdefinition.Login_page_test_case@754ba872</td></tr>
<tr>
<td title='com.eit.stepdefinition.Login_page_test_case.English_Forget_password_Entering_invalid_Email_ID_and_clicking_Submit_button_3_times_sequentially_and_after_that_enter_valid_Email_Id_and_click_Submit_enter_the_received_password_and_Click_login()'><b>English_Forget_password_Entering_invalid_Email_ID_and_clicking_Submit_button_3_times_sequentially_and_after_that_enter_valid_Email_Id_and_click_Submit_enter_the_received_password_and_Click_login</b><br>Test class: com.eit.stepdefinition.Login_page_test_case<br>Parameters: demo, demo-ca, Jagadeshan@eitworks.com</td>
<td><div><pre>java.lang.AssertionError: English_Forget_password_Entering_invalid_Email_ID_and_clicking_Submit_button_3_times_sequentially_and_after_that_enter_valid_Email_Id_and_click_Submit_enter_the_received_password_and_Click_login Expected Result : it should show [Password has been sent to your Email Successfully .  Please check your Inbox] but it shows Please Enter the Correct Registered Email Id expected [true] but found [false]
	at com.eit.stepdefinition.Login_page_test_case.English_Forget_password_Entering_invalid_Email_ID_and_clicking_Submit_button_3_times_sequentially_and_after_that_enter_valid_Email_Id_and_click_Submit_enter_the_received_password_and_Click_login(Login_page_test_case.java:177)
... Removed 27 stack frames</pre></div><a href='#' onClick='toggleBox("stack-trace2147002844", this, "Click to show all stack frames", "Click to hide stack frames")'>Click to show all stack frames</a>
<div class='stack-trace' id='stack-trace2147002844'><pre>java.lang.AssertionError: English_Forget_password_Entering_invalid_Email_ID_and_clicking_Submit_button_3_times_sequentially_and_after_that_enter_valid_Email_Id_and_click_Submit_enter_the_received_password_and_Click_login Expected Result : it should show [Password has been sent to your Email Successfully .  Please check your Inbox] but it shows Please Enter the Correct Registered Email Id expected [true] but found [false]
	at org.testng.Assert.fail(Assert.java:94)
	at org.testng.Assert.failNotEquals(Assert.java:494)
	at org.testng.Assert.assertTrue(Assert.java:42)
	at com.eit.stepdefinition.Login_page_test_case.English_Forget_password_Entering_invalid_Email_ID_and_clicking_Submit_button_3_times_sequentially_and_after_that_enter_valid_Email_Id_and_click_Submit_enter_the_received_password_and_Click_login(Login_page_test_case.java:177)
	at sun.reflect.NativeMethodAccessorImpl.invoke0(Native Method)
	at sun.reflect.NativeMethodAccessorImpl.invoke(Unknown Source)
	at sun.reflect.DelegatingMethodAccessorImpl.invoke(Unknown Source)
	at java.lang.reflect.Method.invoke(Unknown Source)
	at org.testng.internal.MethodInvocationHelper.invokeMethod(MethodInvocationHelper.java:84)
	at org.testng.internal.Invoker.invokeMethod(Invoker.java:714)
	at org.testng.internal.Invoker.invokeTestMethod(Invoker.java:901)
	at org.testng.internal.Invoker.invokeTestMethods(Invoker.java:1231)
	at org.testng.internal.TestMethodWorker.invokeTestMethods(TestMethodWorker.java:127)
	at org.testng.internal.TestMethodWorker.run(TestMethodWorker.java:111)
	at org.testng.TestRunner.privateRun(TestRunner.java:767)
	at org.testng.TestRunner.run(TestRunner.java:617)
	at org.testng.SuiteRunner.runTest(SuiteRunner.java:334)
	at org.testng.SuiteRunner.runSequentially(SuiteRunner.java:329)
	at org.testng.SuiteRunner.privateRun(SuiteRunner.java:291)
	at org.testng.SuiteRunner.run(SuiteRunner.java:240)
	at org.testng.SuiteRunnerWorker.runSuite(SuiteRunnerWorker.java:52)
	at org.testng.SuiteRunnerWorker.run(SuiteRunnerWorker.java:86)
	at org.testng.TestNG.runSuitesSequentially(TestNG.java:1224)
	at org.testng.TestNG.runSuitesLocally(TestNG.java:1149)
	at org.testng.TestNG.run(TestNG.java:1057)
	at org.testng.remote.AbstractRemoteTestNG.run(AbstractRemoteTestNG.java:114)
	at org.testng.remote.RemoteTestNG.initAndRun(RemoteTestNG.java:251)
	at org.testng.remote.RemoteTestNG.main(RemoteTestNG.java:77)
</pre></div></td>
<td>21</td>
<td>com.eit.stepdefinition.Login_page_test_case@754ba872</td></tr>
<tr>
<td title='com.eit.stepdefinition.Login_page_test_case.English_Forget_password_Entering_invalid_Email_ID_and_clicking_Submit_button_3_times_sequentially_and_after_that_enter_valid_Email_Id_and_click_Submit_enter_the_received_password_and_Click_login()'><b>English_Forget_password_Entering_invalid_Email_ID_and_clicking_Submit_button_3_times_sequentially_and_after_that_enter_valid_Email_Id_and_click_Submit_enter_the_received_password_and_Click_login</b><br>Test class: com.eit.stepdefinition.Login_page_test_case<br>Parameters: demo, demo-ca, Jagadeshan@eitworks.com</td>
<td><div><pre>java.lang.AssertionError: English_Forget_password_Entering_invalid_Email_ID_and_clicking_Submit_button_3_times_sequentially_and_after_that_enter_valid_Email_Id_and_click_Submit_enter_the_received_password_and_Click_login Expected Result : it should show [Password has been sent to your Email Successfully .  Please check your Inbox] but it shows Please Enter the Correct Registered Email Id expected [true] but found [false]
	at com.eit.stepdefinition.Login_page_test_case.English_Forget_password_Entering_invalid_Email_ID_and_clicking_Submit_button_3_times_sequentially_and_after_that_enter_valid_Email_Id_and_click_Submit_enter_the_received_password_and_Click_login(Login_page_test_case.java:177)
... Removed 27 stack frames</pre></div><a href='#' onClick='toggleBox("stack-trace1457352442", this, "Click to show all stack frames", "Click to hide stack frames")'>Click to show all stack frames</a>
<div class='stack-trace' id='stack-trace1457352442'><pre>java.lang.AssertionError: English_Forget_password_Entering_invalid_Email_ID_and_clicking_Submit_button_3_times_sequentially_and_after_that_enter_valid_Email_Id_and_click_Submit_enter_the_received_password_and_Click_login Expected Result : it should show [Password has been sent to your Email Successfully .  Please check your Inbox] but it shows Please Enter the Correct Registered Email Id expected [true] but found [false]
	at org.testng.Assert.fail(Assert.java:94)
	at org.testng.Assert.failNotEquals(Assert.java:494)
	at org.testng.Assert.assertTrue(Assert.java:42)
	at com.eit.stepdefinition.Login_page_test_case.English_Forget_password_Entering_invalid_Email_ID_and_clicking_Submit_button_3_times_sequentially_and_after_that_enter_valid_Email_Id_and_click_Submit_enter_the_received_password_and_Click_login(Login_page_test_case.java:177)
	at sun.reflect.NativeMethodAccessorImpl.invoke0(Native Method)
	at sun.reflect.NativeMethodAccessorImpl.invoke(Unknown Source)
	at sun.reflect.DelegatingMethodAccessorImpl.invoke(Unknown Source)
	at java.lang.reflect.Method.invoke(Unknown Source)
	at org.testng.internal.MethodInvocationHelper.invokeMethod(MethodInvocationHelper.java:84)
	at org.testng.internal.Invoker.invokeMethod(Invoker.java:714)
	at org.testng.internal.Invoker.retryFailed(Invoker.java:1049)
	at org.testng.internal.Invoker.invokeTestMethods(Invoker.java:1254)
	at org.testng.internal.TestMethodWorker.invokeTestMethods(TestMethodWorker.java:127)
	at org.testng.internal.TestMethodWorker.run(TestMethodWorker.java:111)
	at org.testng.TestRunner.privateRun(TestRunner.java:767)
	at org.testng.TestRunner.run(TestRunner.java:617)
	at org.testng.SuiteRunner.runTest(SuiteRunner.java:334)
	at org.testng.SuiteRunner.runSequentially(SuiteRunner.java:329)
	at org.testng.SuiteRunner.privateRun(SuiteRunner.java:291)
	at org.testng.SuiteRunner.run(SuiteRunner.java:240)
	at org.testng.SuiteRunnerWorker.runSuite(SuiteRunnerWorker.java:52)
	at org.testng.SuiteRunnerWorker.run(SuiteRunnerWorker.java:86)
	at org.testng.TestNG.runSuitesSequentially(TestNG.java:1224)
	at org.testng.TestNG.runSuitesLocally(TestNG.java:1149)
	at org.testng.TestNG.run(TestNG.java:1057)
	at org.testng.remote.AbstractRemoteTestNG.run(AbstractRemoteTestNG.java:114)
	at org.testng.remote.RemoteTestNG.initAndRun(RemoteTestNG.java:251)
	at org.testng.remote.RemoteTestNG.main(RemoteTestNG.java:77)
</pre></div></td>
<td>21</td>
<td>com.eit.stepdefinition.Login_page_test_case@754ba872</td></tr>
<tr>
<td title='com.eit.stepdefinition.Login_page_test_case.English_Login_with_incorrect_Password()'><b>English_Login_with_incorrect_Password</b><br>Test class: com.eit.stepdefinition.Login_page_test_case<br>Parameters: demo, demo-ca, CCCCC</td>
<td><div><pre>java.lang.AssertionError: English_Login_with_incorrect_Password = Expected result : Enter Correct Password -&gt;But it shows :Enter valid Password expected [true] but found [false]
	at com.eit.stepdefinition.Login_page_test_case.English_Login_with_incorrect_Password(Login_page_test_case.java:58)
... Removed 27 stack frames</pre></div><a href='#' onClick='toggleBox("stack-trace1659309731", this, "Click to show all stack frames", "Click to hide stack frames")'>Click to show all stack frames</a>
<div class='stack-trace' id='stack-trace1659309731'><pre>java.lang.AssertionError: English_Login_with_incorrect_Password = Expected result : Enter Correct Password -&gt;But it shows :Enter valid Password expected [true] but found [false]
	at org.testng.Assert.fail(Assert.java:94)
	at org.testng.Assert.failNotEquals(Assert.java:494)
	at org.testng.Assert.assertTrue(Assert.java:42)
	at com.eit.stepdefinition.Login_page_test_case.English_Login_with_incorrect_Password(Login_page_test_case.java:58)
	at sun.reflect.NativeMethodAccessorImpl.invoke0(Native Method)
	at sun.reflect.NativeMethodAccessorImpl.invoke(Unknown Source)
	at sun.reflect.DelegatingMethodAccessorImpl.invoke(Unknown Source)
	at java.lang.reflect.Method.invoke(Unknown Source)
	at org.testng.internal.MethodInvocationHelper.invokeMethod(MethodInvocationHelper.java:84)
	at org.testng.internal.Invoker.invokeMethod(Invoker.java:714)
	at org.testng.internal.Invoker.invokeTestMethod(Invoker.java:901)
	at org.testng.internal.Invoker.invokeTestMethods(Invoker.java:1231)
	at org.testng.internal.TestMethodWorker.invokeTestMethods(TestMethodWorker.java:127)
	at org.testng.internal.TestMethodWorker.run(TestMethodWorker.java:111)
	at org.testng.TestRunner.privateRun(TestRunner.java:767)
	at org.testng.TestRunner.run(TestRunner.java:617)
	at org.testng.SuiteRunner.runTest(SuiteRunner.java:334)
	at org.testng.SuiteRunner.runSequentially(SuiteRunner.java:329)
	at org.testng.SuiteRunner.privateRun(SuiteRunner.java:291)
	at org.testng.SuiteRunner.run(SuiteRunner.java:240)
	at org.testng.SuiteRunnerWorker.runSuite(SuiteRunnerWorker.java:52)
	at org.testng.SuiteRunnerWorker.run(SuiteRunnerWorker.java:86)
	at org.testng.TestNG.runSuitesSequentially(TestNG.java:1224)
	at org.testng.TestNG.runSuitesLocally(TestNG.java:1149)
	at org.testng.TestNG.run(TestNG.java:1057)
	at org.testng.remote.AbstractRemoteTestNG.run(AbstractRemoteTestNG.java:114)
	at org.testng.remote.RemoteTestNG.initAndRun(RemoteTestNG.java:251)
	at org.testng.remote.RemoteTestNG.main(RemoteTestNG.java:77)
</pre></div></td>
<td>4</td>
<td>com.eit.stepdefinition.Login_page_test_case@754ba872</td></tr>
<tr>
<td title='com.eit.stepdefinition.Login_page_test_case.English_Login_with_incorrect_Password()'><b>English_Login_with_incorrect_Password</b><br>Test class: com.eit.stepdefinition.Login_page_test_case<br>Parameters: demo, demo-ca, CCCCC</td>
<td><div><pre>java.lang.AssertionError: English_Login_with_incorrect_Password = Expected result : Enter Correct Password -&gt;But it shows :Enter valid Password expected [true] but found [false]
	at com.eit.stepdefinition.Login_page_test_case.English_Login_with_incorrect_Password(Login_page_test_case.java:58)
... Removed 27 stack frames</pre></div><a href='#' onClick='toggleBox("stack-trace2100771791", this, "Click to show all stack frames", "Click to hide stack frames")'>Click to show all stack frames</a>
<div class='stack-trace' id='stack-trace2100771791'><pre>java.lang.AssertionError: English_Login_with_incorrect_Password = Expected result : Enter Correct Password -&gt;But it shows :Enter valid Password expected [true] but found [false]
	at org.testng.Assert.fail(Assert.java:94)
	at org.testng.Assert.failNotEquals(Assert.java:494)
	at org.testng.Assert.assertTrue(Assert.java:42)
	at com.eit.stepdefinition.Login_page_test_case.English_Login_with_incorrect_Password(Login_page_test_case.java:58)
	at sun.reflect.NativeMethodAccessorImpl.invoke0(Native Method)
	at sun.reflect.NativeMethodAccessorImpl.invoke(Unknown Source)
	at sun.reflect.DelegatingMethodAccessorImpl.invoke(Unknown Source)
	at java.lang.reflect.Method.invoke(Unknown Source)
	at org.testng.internal.MethodInvocationHelper.invokeMethod(MethodInvocationHelper.java:84)
	at org.testng.internal.Invoker.invokeMethod(Invoker.java:714)
	at org.testng.internal.Invoker.retryFailed(Invoker.java:1049)
	at org.testng.internal.Invoker.invokeTestMethods(Invoker.java:1254)
	at org.testng.internal.TestMethodWorker.invokeTestMethods(TestMethodWorker.java:127)
	at org.testng.internal.TestMethodWorker.run(TestMethodWorker.java:111)
	at org.testng.TestRunner.privateRun(TestRunner.java:767)
	at org.testng.TestRunner.run(TestRunner.java:617)
	at org.testng.SuiteRunner.runTest(SuiteRunner.java:334)
	at org.testng.SuiteRunner.runSequentially(SuiteRunner.java:329)
	at org.testng.SuiteRunner.privateRun(SuiteRunner.java:291)
	at org.testng.SuiteRunner.run(SuiteRunner.java:240)
	at org.testng.SuiteRunnerWorker.runSuite(SuiteRunnerWorker.java:52)
	at org.testng.SuiteRunnerWorker.run(SuiteRunnerWorker.java:86)
	at org.testng.TestNG.runSuitesSequentially(TestNG.java:1224)
	at org.testng.TestNG.runSuitesLocally(TestNG.java:1149)
	at org.testng.TestNG.run(TestNG.java:1057)
	at org.testng.remote.AbstractRemoteTestNG.run(AbstractRemoteTestNG.java:114)
	at org.testng.remote.RemoteTestNG.initAndRun(RemoteTestNG.java:251)
	at org.testng.remote.RemoteTestNG.main(RemoteTestNG.java:77)
</pre></div></td>
<td>3</td>
<td>com.eit.stepdefinition.Login_page_test_case@754ba872</td></tr>
<tr>
<td title='com.eit.stepdefinition.Login_page_test_case.English_and_Arabic_ForgetPassword_with_incorrect_Corporate_ID_or_User_name()'><b>English_and_Arabic_ForgetPassword_with_incorrect_Corporate_ID_or_User_name</b><br>Test class: com.eit.stepdefinition.Login_page_test_case<br>Parameters: AAAA, demo-ca, Jagadeshan@eitworks.com</td>
<td><div><pre>java.lang.AssertionError: English_ForgetPassword_with_incorrect_Corporate_ID_or_User_name Expected result :It should show [Enter Correct Corporate Id or User name] but it shows Enter the Correct Corporate Id expected [true] but found [false]
	at com.eit.stepdefinition.Login_page_test_case.English_and_Arabic_ForgetPassword_with_incorrect_Corporate_ID_or_User_name(Login_page_test_case.java:139)
... Removed 27 stack frames</pre></div><a href='#' onClick='toggleBox("stack-trace985655365", this, "Click to show all stack frames", "Click to hide stack frames")'>Click to show all stack frames</a>
<div class='stack-trace' id='stack-trace985655365'><pre>java.lang.AssertionError: English_ForgetPassword_with_incorrect_Corporate_ID_or_User_name Expected result :It should show [Enter Correct Corporate Id or User name] but it shows Enter the Correct Corporate Id expected [true] but found [false]
	at org.testng.Assert.fail(Assert.java:94)
	at org.testng.Assert.failNotEquals(Assert.java:494)
	at org.testng.Assert.assertTrue(Assert.java:42)
	at com.eit.stepdefinition.Login_page_test_case.English_and_Arabic_ForgetPassword_with_incorrect_Corporate_ID_or_User_name(Login_page_test_case.java:139)
	at sun.reflect.NativeMethodAccessorImpl.invoke0(Native Method)
	at sun.reflect.NativeMethodAccessorImpl.invoke(Unknown Source)
	at sun.reflect.DelegatingMethodAccessorImpl.invoke(Unknown Source)
	at java.lang.reflect.Method.invoke(Unknown Source)
	at org.testng.internal.MethodInvocationHelper.invokeMethod(MethodInvocationHelper.java:84)
	at org.testng.internal.Invoker.invokeMethod(Invoker.java:714)
	at org.testng.internal.Invoker.invokeTestMethod(Invoker.java:901)
	at org.testng.internal.Invoker.invokeTestMethods(Invoker.java:1231)
	at org.testng.internal.TestMethodWorker.invokeTestMethods(TestMethodWorker.java:127)
	at org.testng.internal.TestMethodWorker.run(TestMethodWorker.java:111)
	at org.testng.TestRunner.privateRun(TestRunner.java:767)
	at org.testng.TestRunner.run(TestRunner.java:617)
	at org.testng.SuiteRunner.runTest(SuiteRunner.java:334)
	at org.testng.SuiteRunner.runSequentially(SuiteRunner.java:329)
	at org.testng.SuiteRunner.privateRun(SuiteRunner.java:291)
	at org.testng.SuiteRunner.run(SuiteRunner.java:240)
	at org.testng.SuiteRunnerWorker.runSuite(SuiteRunnerWorker.java:52)
	at org.testng.SuiteRunnerWorker.run(SuiteRunnerWorker.java:86)
	at org.testng.TestNG.runSuitesSequentially(TestNG.java:1224)
	at org.testng.TestNG.runSuitesLocally(TestNG.java:1149)
	at org.testng.TestNG.run(TestNG.java:1057)
	at org.testng.remote.AbstractRemoteTestNG.run(AbstractRemoteTestNG.java:114)
	at org.testng.remote.RemoteTestNG.initAndRun(RemoteTestNG.java:251)
	at org.testng.remote.RemoteTestNG.main(RemoteTestNG.java:77)
</pre></div></td>
<td>4</td>
<td>com.eit.stepdefinition.Login_page_test_case@754ba872</td></tr>
<tr>
<td title='com.eit.stepdefinition.Login_page_test_case.English_and_Arabic_ForgetPassword_with_incorrect_Corporate_ID_or_User_name()'><b>English_and_Arabic_ForgetPassword_with_incorrect_Corporate_ID_or_User_name</b><br>Test class: com.eit.stepdefinition.Login_page_test_case<br>Parameters: AAAA, demo-ca, Jagadeshan@eitworks.com</td>
<td><div><pre>java.lang.AssertionError: English_ForgetPassword_with_incorrect_Corporate_ID_or_User_name Expected result :It should show [Enter Correct Corporate Id or User name] but it shows Enter the Correct Corporate Id expected [true] but found [false]
	at com.eit.stepdefinition.Login_page_test_case.English_and_Arabic_ForgetPassword_with_incorrect_Corporate_ID_or_User_name(Login_page_test_case.java:139)
... Removed 27 stack frames</pre></div><a href='#' onClick='toggleBox("stack-trace1950246647", this, "Click to show all stack frames", "Click to hide stack frames")'>Click to show all stack frames</a>
<div class='stack-trace' id='stack-trace1950246647'><pre>java.lang.AssertionError: English_ForgetPassword_with_incorrect_Corporate_ID_or_User_name Expected result :It should show [Enter Correct Corporate Id or User name] but it shows Enter the Correct Corporate Id expected [true] but found [false]
	at org.testng.Assert.fail(Assert.java:94)
	at org.testng.Assert.failNotEquals(Assert.java:494)
	at org.testng.Assert.assertTrue(Assert.java:42)
	at com.eit.stepdefinition.Login_page_test_case.English_and_Arabic_ForgetPassword_with_incorrect_Corporate_ID_or_User_name(Login_page_test_case.java:139)
	at sun.reflect.NativeMethodAccessorImpl.invoke0(Native Method)
	at sun.reflect.NativeMethodAccessorImpl.invoke(Unknown Source)
	at sun.reflect.DelegatingMethodAccessorImpl.invoke(Unknown Source)
	at java.lang.reflect.Method.invoke(Unknown Source)
	at org.testng.internal.MethodInvocationHelper.invokeMethod(MethodInvocationHelper.java:84)
	at org.testng.internal.Invoker.invokeMethod(Invoker.java:714)
	at org.testng.internal.Invoker.retryFailed(Invoker.java:1049)
	at org.testng.internal.Invoker.invokeTestMethods(Invoker.java:1254)
	at org.testng.internal.TestMethodWorker.invokeTestMethods(TestMethodWorker.java:127)
	at org.testng.internal.TestMethodWorker.run(TestMethodWorker.java:111)
	at org.testng.TestRunner.privateRun(TestRunner.java:767)
	at org.testng.TestRunner.run(TestRunner.java:617)
	at org.testng.SuiteRunner.runTest(SuiteRunner.java:334)
	at org.testng.SuiteRunner.runSequentially(SuiteRunner.java:329)
	at org.testng.SuiteRunner.privateRun(SuiteRunner.java:291)
	at org.testng.SuiteRunner.run(SuiteRunner.java:240)
	at org.testng.SuiteRunnerWorker.runSuite(SuiteRunnerWorker.java:52)
	at org.testng.SuiteRunnerWorker.run(SuiteRunnerWorker.java:86)
	at org.testng.TestNG.runSuitesSequentially(TestNG.java:1224)
	at org.testng.TestNG.runSuitesLocally(TestNG.java:1149)
	at org.testng.TestNG.run(TestNG.java:1057)
	at org.testng.remote.AbstractRemoteTestNG.run(AbstractRemoteTestNG.java:114)
	at org.testng.remote.RemoteTestNG.initAndRun(RemoteTestNG.java:251)
	at org.testng.remote.RemoteTestNG.main(RemoteTestNG.java:77)
</pre></div></td>
<td>5</td>
<td>com.eit.stepdefinition.Login_page_test_case@754ba872</td></tr>
<tr>
<td title='com.eit.stepdefinition.Login_page_test_case.English_and_Arabic_Login_with_incorrect_Corporate_ID_or_User_name()'><b>English_and_Arabic_Login_with_incorrect_Corporate_ID_or_User_name</b><br>Test class: com.eit.stepdefinition.Login_page_test_case<br>Parameters: AAAA, demo-ca, 12345</td>
<td><div><pre>java.lang.AssertionError: English_Login_with_incorrect_Corporate_ID_or_User_name = Expected Result:Enter Correct CorporateID or User name but it shows -&gt;Enter Valid Corporate Id expected [true] but found [false]
	at com.eit.stepdefinition.Login_page_test_case.English_and_Arabic_Login_with_incorrect_Corporate_ID_or_User_name(Login_page_test_case.java:35)
... Removed 27 stack frames</pre></div><a href='#' onClick='toggleBox("stack-trace438314766", this, "Click to show all stack frames", "Click to hide stack frames")'>Click to show all stack frames</a>
<div class='stack-trace' id='stack-trace438314766'><pre>java.lang.AssertionError: English_Login_with_incorrect_Corporate_ID_or_User_name = Expected Result:Enter Correct CorporateID or User name but it shows -&gt;Enter Valid Corporate Id expected [true] but found [false]
	at org.testng.Assert.fail(Assert.java:94)
	at org.testng.Assert.failNotEquals(Assert.java:494)
	at org.testng.Assert.assertTrue(Assert.java:42)
	at com.eit.stepdefinition.Login_page_test_case.English_and_Arabic_Login_with_incorrect_Corporate_ID_or_User_name(Login_page_test_case.java:35)
	at sun.reflect.NativeMethodAccessorImpl.invoke0(Native Method)
	at sun.reflect.NativeMethodAccessorImpl.invoke(Unknown Source)
	at sun.reflect.DelegatingMethodAccessorImpl.invoke(Unknown Source)
	at java.lang.reflect.Method.invoke(Unknown Source)
	at org.testng.internal.MethodInvocationHelper.invokeMethod(MethodInvocationHelper.java:84)
	at org.testng.internal.Invoker.invokeMethod(Invoker.java:714)
	at org.testng.internal.Invoker.invokeTestMethod(Invoker.java:901)
	at org.testng.internal.Invoker.invokeTestMethods(Invoker.java:1231)
	at org.testng.internal.TestMethodWorker.invokeTestMethods(TestMethodWorker.java:127)
	at org.testng.internal.TestMethodWorker.run(TestMethodWorker.java:111)
	at org.testng.TestRunner.privateRun(TestRunner.java:767)
	at org.testng.TestRunner.run(TestRunner.java:617)
	at org.testng.SuiteRunner.runTest(SuiteRunner.java:334)
	at org.testng.SuiteRunner.runSequentially(SuiteRunner.java:329)
	at org.testng.SuiteRunner.privateRun(SuiteRunner.java:291)
	at org.testng.SuiteRunner.run(SuiteRunner.java:240)
	at org.testng.SuiteRunnerWorker.runSuite(SuiteRunnerWorker.java:52)
	at org.testng.SuiteRunnerWorker.run(SuiteRunnerWorker.java:86)
	at org.testng.TestNG.runSuitesSequentially(TestNG.java:1224)
	at org.testng.TestNG.runSuitesLocally(TestNG.java:1149)
	at org.testng.TestNG.run(TestNG.java:1057)
	at org.testng.remote.AbstractRemoteTestNG.run(AbstractRemoteTestNG.java:114)
	at org.testng.remote.RemoteTestNG.initAndRun(RemoteTestNG.java:251)
	at org.testng.remote.RemoteTestNG.main(RemoteTestNG.java:77)
</pre></div></td>
<td>2</td>
<td>com.eit.stepdefinition.Login_page_test_case@754ba872</td></tr>
<tr>
<td title='com.eit.stepdefinition.Login_page_test_case.English_and_Arabic_Login_with_incorrect_Corporate_ID_or_User_name()'><b>English_and_Arabic_Login_with_incorrect_Corporate_ID_or_User_name</b><br>Test class: com.eit.stepdefinition.Login_page_test_case<br>Parameters: AAAA, demo-ca, 12345</td>
<td><div><pre>java.lang.AssertionError: English_Login_with_incorrect_Corporate_ID_or_User_name = Expected Result:Enter Correct CorporateID or User name but it shows -&gt;Enter Valid Corporate Id expected [true] but found [false]
	at com.eit.stepdefinition.Login_page_test_case.English_and_Arabic_Login_with_incorrect_Corporate_ID_or_User_name(Login_page_test_case.java:35)
... Removed 27 stack frames</pre></div><a href='#' onClick='toggleBox("stack-trace1242688388", this, "Click to show all stack frames", "Click to hide stack frames")'>Click to show all stack frames</a>
<div class='stack-trace' id='stack-trace1242688388'><pre>java.lang.AssertionError: English_Login_with_incorrect_Corporate_ID_or_User_name = Expected Result:Enter Correct CorporateID or User name but it shows -&gt;Enter Valid Corporate Id expected [true] but found [false]
	at org.testng.Assert.fail(Assert.java:94)
	at org.testng.Assert.failNotEquals(Assert.java:494)
	at org.testng.Assert.assertTrue(Assert.java:42)
	at com.eit.stepdefinition.Login_page_test_case.English_and_Arabic_Login_with_incorrect_Corporate_ID_or_User_name(Login_page_test_case.java:35)
	at sun.reflect.NativeMethodAccessorImpl.invoke0(Native Method)
	at sun.reflect.NativeMethodAccessorImpl.invoke(Unknown Source)
	at sun.reflect.DelegatingMethodAccessorImpl.invoke(Unknown Source)
	at java.lang.reflect.Method.invoke(Unknown Source)
	at org.testng.internal.MethodInvocationHelper.invokeMethod(MethodInvocationHelper.java:84)
	at org.testng.internal.Invoker.invokeMethod(Invoker.java:714)
	at org.testng.internal.Invoker.retryFailed(Invoker.java:1049)
	at org.testng.internal.Invoker.invokeTestMethods(Invoker.java:1254)
	at org.testng.internal.TestMethodWorker.invokeTestMethods(TestMethodWorker.java:127)
	at org.testng.internal.TestMethodWorker.run(TestMethodWorker.java:111)
	at org.testng.TestRunner.privateRun(TestRunner.java:767)
	at org.testng.TestRunner.run(TestRunner.java:617)
	at org.testng.SuiteRunner.runTest(SuiteRunner.java:334)
	at org.testng.SuiteRunner.runSequentially(SuiteRunner.java:329)
	at org.testng.SuiteRunner.privateRun(SuiteRunner.java:291)
	at org.testng.SuiteRunner.run(SuiteRunner.java:240)
	at org.testng.SuiteRunnerWorker.runSuite(SuiteRunnerWorker.java:52)
	at org.testng.SuiteRunnerWorker.run(SuiteRunnerWorker.java:86)
	at org.testng.TestNG.runSuitesSequentially(TestNG.java:1224)
	at org.testng.TestNG.runSuitesLocally(TestNG.java:1149)
	at org.testng.TestNG.run(TestNG.java:1057)
	at org.testng.remote.AbstractRemoteTestNG.run(AbstractRemoteTestNG.java:114)
	at org.testng.remote.RemoteTestNG.initAndRun(RemoteTestNG.java:251)
	at org.testng.remote.RemoteTestNG.main(RemoteTestNG.java:77)
</pre></div></td>
<td>3</td>
<td>com.eit.stepdefinition.Login_page_test_case@754ba872</td></tr>
</table><p>
<table width='100%' border='1' class='invocation-passed'>
<tr><td colspan='4' align='center'><b>PASSED TESTS</b></td></tr>
<tr><td><b>Test method</b></td>
<td width="30%"><b>Exception</b></td>
<td width="10%"><b>Time (seconds)</b></td>
<td><b>Instance</b></td>
</tr>
<tr>
<td title='com.eit.stepdefinition.Login_page_test_case.Arabic_Valid_Login()'><b>Arabic_Valid_Login</b><br>Test class: com.eit.stepdefinition.Login_page_test_case<br>Parameters: demo, demo-ca, 12345</td>
<td></td>
<td>3</td>
<td>com.eit.stepdefinition.Login_page_test_case@754ba872</td></tr>
<tr>
<td title='com.eit.stepdefinition.Login_page_test_case.English_Valid_Login()'><b>English_Valid_Login</b><br>Test class: com.eit.stepdefinition.Login_page_test_case<br>Parameters: demo, demo-ca, 12345</td>
<td></td>
<td>3</td>
<td>com.eit.stepdefinition.Login_page_test_case@754ba872</td></tr>
<tr>
<td title='com.eit.stepdefinition.Login_page_test_case.English_and_Arabic_Login_RememeberMe()'><b>English_and_Arabic_Login_RememeberMe</b><br>Test class: com.eit.stepdefinition.Login_page_test_case<br>Parameters: demo, demo-ca, 12345</td>
<td></td>
<td>7</td>
<td>com.eit.stepdefinition.Login_page_test_case@754ba872</td></tr>
</table><p>
</body>
</html>